2 6039 2736 
3 6321 1973 7918 
4 3578 8020 8254 2212 
4 7862 7451 3833 9954 
4 2429 499 1640 3936 
5 719 1637 6208 3614 9849 
5 1209 3311 1002 5777 2660 
5 8708 5387 8328 35 4887 
5 3321 4575 5621 1487 3507 
5 9901 4437 3991 3398 2591 
5 6418 8426 7097 3615 7110 
5 7227 8224 1792 7239 7566 
6 7463 8227 9105 9527 9639 8775 
6 9003 7948 8554 611 7315 6104 
6 3549 1406 8784 8614 9681 1817 
6 4679 9463 409 9251 6999 4473 
6 4618 7230 9744 6550 3663 5982 
6 741 9851 8464 1873 5091 4023 
6 4882 9459 3026 8523 2373 7820 
6 7468 1588 7152 3099 2909 6444 
6 2166 5510 9382 3539 953 1136 
6 6913 3202 7382 3098 6775 9312 
6 8787 873 5347 3502 7256 2866 
7 474 5402 5480 3554 7096 8895 9967 
7 3253 7186 6164 2031 2731 7682 4027 
7 1515 4536 3891 2717 5650 1281 1880 
7 8890 789 7337 2409 1643 5176 6828 
7 9140 7325 2518 8110 4971 3115 5175 
7 8670 8459 2440 5917 2011 4916 7615 
7 3167 5808 5983 2825 8860 5302 7288 
7 6831 3579 1564 2573 8345 8569 3931 
7 9679 4693 3426 6818 2180 7162 6544 
7 9550 902 5562 5344 3609 8540 6505 
7 9799 5113 2718 559 3305 936 2358 
7 8204 2123 1054 5240 3468 2979 2053 
7 2944 6377 2425 4862 3434 9351 4978 
7 219 8967 9562 4541 1259 7842 8046 
7 2176 2915 640 5170 7604 7368 757 
7 3708 4084 2896 9492 454 4747 8669 
8 2356 7716 9320 977 1152 1859 9644 495 
8 4379 1724 1030 8088 7642 7221 1822 1277 
8 9084 5971 4467 1518 4137 531 5100 6610 
8 4494 2589 2642 1399 8151 3505 3277 9005 
8 6412 9046 9412 318 2470 9158 2355 9377 
8 5299 2296 6951 4088 476 7898 8169 6390 
8 9707 3049 9556 4826 8796 3729 2753 4301 
8 4008 3333 4935 3602 7710 8306 6769 5512 
8 187 3245 2511 9927 8638 2563 7855 2210 
8 5970 6502 7804 3058 9949 294 4564 7904 
8 8950 4208 4164 306 1846 395 304 914 
8 2720 5991 8536 1797 7068 4378 2175 2363 
8 2384 8209 9944 3906 3062 1476 5664 7708 
8 1833 5358 364 9951 5135 8780 538 7192 
8 4143 7575 4299 2333 2394 3981 8218 3856 
8 2559 9128 1313 1777 5187 7342 4331 5903 
8 957 8449 284 6563 6652 7191 872 2851 
8 3692 8566 3866 4973 7246 1325 8303 9350 
8 9121 5487 5732 4403 7216 163 9716 6934 
8 4098 5856 4011 6034 9177 2693 7024 4795 
8 3667 9087 4980 4411 3227 7822 3959 836 
8 2418 8574 135 7785 8998 8126 6339 8012 
8 3647 9602 1 7386 6460 9056 8166 1740 
9 7013 7455 7638 4920 7492 1631 189 3536 5456 
10 1335 3409 2074 7243 2982 3760 7624 1624 868 8789 
9 5440 8965 3910 4107 2654 3465 3356 9250 632 
9 6252 8932 368 7034 9604 4236 2139 8738 4783 
9 1066 8149 6547 6718 8085 7448 9836 8617 1855 
9 2519 3540 3362 6567 6446 6270 8058 2191 8304 
9 9313 1384 2198 4228 8187 6196 5579 7316 1159 
9 5300 3358 2690 6352 595 9438 5373 3902 3275 
9 5769 1860 2782 4657 1529 8742 3694 5072 5575 
9 6663 3990 697 4703 7438 8951 2240 7812 2346 
9 1135 6658 9385 9064 3290 2035 5630 1905 8013 
9 7040 2714 5089 7444 5428 8809 1748 3595 6675 
9 222 7704 8207 9483 3102 7697 1638 26 3000 
9 4842 3208 482 5566 8071 5033 3039 5587 361 
9 580 9452 3603 8856 3338 2802 9346 4212 2148 
9 7640 1192 1904 2059 6589 1820 5364 3484 1950 
9 8184 1734 428 9795 9419 3784 546 9073 7809 
9 4788 2899 6836 6749 2981 4070 4019 5122 7405 
9 6633 7347 4686 3680 6705 7745 8815 1720 9533 
9 2531 7585 3875 9620 4652 4872 8968 2595 8532 
9 6900 8274 9252 5511 3215 2290 5462 3447 6539 
9 8213 5698 4875 4602 8412 8228 8257 7122 5561 
10 1543 9733 6239 3816 6523 102 2288 4701 242 1662 
10 9976 9166 9401 6942 6615 6244 5553 7305 257 3897 
10 7429 8557 3779 9349 3116 8037 3624 3561 3256 1976 
10 2432 1113 277 9579 4065 1239 388 3031 6226 1293 
10 5497 3236 7355 4202 4101 5660 5910 8097 9955 3413 
10 9752 6485 5295 4048 1684 8665 9964 6386 2933 1682 
10 8175 3147 6741 951 7883 1352 5914 6211 592 322 
10 4071 3575 7379 3193 5422 7777 2966 5768 4898 3237 
10 1867 1609 7373 6634 8768 708 4006 4457 8199 2824 
10 3090 6329 9845 7085 1381 46 2192 2218 7781 5877 
10 6198 3640 1121 5888 1845 4709 9186 1395 7100 8887 
10 3654 699 7637 5156 1762 6374 2612 274 859 3545 
10 5885 8586 1208 7277 330 9242 3155 7806 3977 2308 
10 5598 4537 6879 3594 9678 5550 281 5470 1982 6524 
10 3988 2788 4717 5352 5267 952 1391 6696 9739 4732 
10 6961 8323 1908 3585 7208 1346 2790 9089 7749 8553 
10 5406 1874 5120 7662 6274 3165 1292 5073 78 7917 
10 3693 8792 7000 266 8194 5043 1168 7498 6134 7909 
10 3281 271 6245 2992 8445 9645 7187 7516 6681 8253 
10 8342 6558 3073 4115 8609 1143 1943 8533 2125 8048 
10 5245 9191 8309 9464 4764 5557 4858 5915 130 6591 
10 2941 1625 1223 507 3732 9044 1166 366 8299 7302 
10 8395 2426 4863 1685 4544 4664 1246 8755 7189 7105 
10 6724 3029 498 2916 8529 9232 1779 3086 3613 3713 
10 8675 7357 7867 4396 9457 1023 5770 6306 9384 8971 
10 2327 4184 565 3783 5628 9564 4195 5684 3570 4329 
10 2507 4170 6473 6498 7284 9900 9741 4768 4218 6227 
10 5222 7224 601 8791 2119 1443 382 2065 2052 3341 
11 7399 7318 6155 2216 2442 8785 7278 4838 4357 3359 9488 
11 84 2313 513 7876 5234 6133 9265 9019 9998 6995 7160 
11 2949 394 1674 69 5662 1587 7309 4944 8296 8481 7147 
11 5693 7849 3291 9297 9872 6313 5298 1096 5597 7723 3517 
11 3696 7064 4624 2856 7698 9375 4089 2906 576 5157 8280 
11 1315 1194 7428 7236 4656 9761 252 4776 2541 6612 3076 
11 1757 3918 200 4733 7464 3194 9222 6391 2631 3630 4501 
11 1560 2297 2957 9575 152 2984 9028 9074 2034 5233 2269 
11 9619 666 457 3022 2041 2473 8014 9667 9358 1035 2853 
11 8518 8736 4910 6413 2999 1319 2388 959 1736 731 7175 
11 6466 8711 4196 7870 3537 4123 9655 6344 8017 129 2876 
11 8731 3197 5006 1997 3414 9576 4119 4163 7370 10 7972 
11 3055 2233 3188 2783 3047 3477 6013 2220 8237 1061 7371 
11 6277 6135 2626 956 6825 7901 7633 1785 4075 4614 8942 
11 5934 3596 8462 1500 7882 4555 3746 23 7402 5274 8905 
11 9409 1803 3947 4050 8034 6380 9975 7532 2534 6830 748 
11 563 4781 2495 782 6886 7113 9812 21 4251 5068 3087 
11 7913 2536 9012 6474 3054 871 8245 5062 1772 1622 4271 
11 7957 6123 5540 5182 7253 853 8101 6907 9441 484 492 
11 3444 1013 2657 3114 5371 6082 9248 4456 2144 4578 3525 
11 7401 5572 8198 9947 3051 5088 4756 8953 6808 8788 6667 
11 4894 3608 3263 9634 5830 40 4498 255 6522 195 6400 
11 9675 9852 4761 6984 8173 2732 5045 7081 8103 3846 1626 
11 4495 9974 2566 9042 5291 2673 4588 8460 7718 2785 4650 
11 5424 4648 5516 6000 233 6336 3247 121 4856 1337 6600 
11 5341 5034 2649 665 9199 2745 8981 6932 6238 5524 7509 
11 5304 5990 5205 1503 241 300 9156 1048 1532 9328 9287 
11 3030 7346 7446 6454 5036 2404 9624 6779 6187 3455 1446 
11 5381 7319 1221 2967 6638 1968 2810 7453 5117 3010 973 
11 8520 3176 5541 4520 8504 9381 9516 6443 171 3503 3871 
11 2774 1100 655 8682 2751 9062 8500 8186 594 2294 2873 
11 4829 8073 7086 4613 127 2527 2842 5247 4316 2494 9931 
11 9581 661 9830 8192 5642 115 6301 6423 9661 8002 1507 
11 489 2711 5699 381 1146 2817 7275 736 1322 8499 8267 
11 1332 4112 4830 849 9617 8094 6737 7926 8416 8031 1956 
12 8310 6912 6168 6475 8995 3818 1583 509 8491 103 4982 5416 
12 8773 7140 3461 290 1175 7411 5951 9911 9157 1953 7978 8528 
12 5335 6745 5369 8816 7579 6272 178 3429 4559 4692 4626 1375 
12 6031 1838 3396 3199 1913 2209 2075 1117 3285 4272 9239 7753 
12 7109 7435 245 9804 4409 5690 4503 8851 2630 9767 9193 9865 
12 2247 8302 7779 3108 9135 907 4398 4552 777 8974 4000 9448 
12 4601 5727 4794 5957 32 823 1311 6121 4937 536 8105 2486 
12 6901 2424 9559 802 4450 7203 2320 2702 5105 6036 6397 9489 
12 1273 9935 4833 9925 5107 3759 3896 3070 1383 5778 7969 5407 
12 423 1784 2401 7874 1627 9737 5701 1004 7194 384 6105 9049 
12 6815 7108 3092 4016 2741 9647 9440 9553 2370 4460 5850 5110 
12 4758 6849 5425 5955 6305 4593 4965 7679 2023 1656 434 1140 
12 8758 7180 502 5663 5815 6066 8220 8164 9324 9541 1164 3412 
12 541 9920 3475 1977 354 5050 4617 7562 8819 9006 7788 5950 
12 4307 2436 1218 2338 8575 7684 3258 7659 9783 4067 9616 8907 
12 9523 6199 9109 7172 5674 6089 709 1455 7508 1810 2859 3824 
12 1978 9473 3381 3915 5228 6346 6962 3854 2024 5002 6289 4817 
12 1664 4885 1010 8146 376 8882 1062 7014 1045 8450 7091 2939 
12 2020 4959 41 4782 2799 8671 9561 3230 4518 4188 1974 2816 
12 5649 7082 9633 6503 1474 9833 2054 6140 4688 149 8336 7201 
12 7877 4223 8434 2934 3057 896 9952 7048 3225 9331 4631 8196 
12 7799 5332 1804 5303 4639 8116 2095 30 4669 4459 8753 6632 
12 9670 3160 8157 6316 8191 4344 6081 2547 4561 670 6038 5478 
12 1563 1489 6128 6771 2852 3315 5526 6684 3449 6176 6314 480 
12 1228 3773 9628 5351 8112 2797 5193 2648 4314 4096 1499 7773 
12 4877 4352 326 3565 6512 6719 7907 2565 6683 7672 6509 220 
12 477 3067 839 3453 8379 7425 459 3751 9230 4009 8061 4936 
12 7709 874 6711 895 9981 6893 2270 2989 1248 9300 1840 6527 
12 1447 1778 4064 3319 3082 5374 5564 8109 9994 4265 4925 9522 
13 2695 3527 2742 1200 5012 6182 9763 2043 9659 4993 8863 6490 8443 
13 6403 1883 6068 8915 9871 1902 1537 9408 6727 9592 866 5705 5035 
13 303 7028 3334 780 5627 6580 6407 969 1016 5155 613 556 3153 
13 4094 2603 8786 6029 378 2781 9731 8413 6930 7149 3282 1649 2445 
13 8292 8024 6200 4482 506 8403 379 6904 8288 8741 4660 1901 8201 
13 9563 1492 206 8521 3542 169 9846 3531 4532 8111 958 8076 2499 
13 4839 3005 965 4003 9477 8259 6744 7592 9221 1435 2936 5149 2090 
13 4525 190 9965 4285 8155 2385 6484 1458 7361 2359 6146 3283 7844 
13 713 7993 4836 1628 9180 2033 7643 508 7339 8911 238 1824 4191 
13 4059 9406 7927 9696 2140 1079 8719 3909 9379 3186 8197 8221 5333 
13 7070 3651 7248 989 7092 6251 120 4105 6915 3767 9542 6249 3523 
13 5324 6740 1970 7226 7847 7276 9570 9652 350 6231 5625 6124 5179 
13 6541 9864 3510 5892 2997 2771 4497 542 1069 2863 3235 9431 8215 
13 7499 1372 3317 9289 8421 4930 9539 9388 8603 9322 8004 2237 3337 
13 9888 7891 4421 5686 5495 7636 9809 4491 4722 4340 8986 7720 3820 
13 9449 5875 4109 8348 9130 1886 4415 4638 9826 2437 8141 8778 7 
13 8406 8739 2605 267 4024 4605 4441 4828 7474 2417 7935 684 5979 
13 6952 3170 5887 9512 3493 4966 6359 5995 1715 7142 3392 3660 9914 
13 8578 6752 8410 596 6357 2044 7729 3499 3597 4620 2197 5696 6918 
13 3008 3951 4349 1963 6261 4744 4477 2156 4734 6184 4237 8442 3246 
13 6607 3849 8351 8059 7211 6630 1211 847 698 8064 4032 7832 3081 
14 9207 3329 854 8079 4645 7746 5844 4775 3997 776 2325 8015 7238 8900 
13 4644 5060 1233 2235 161 4607 9357 118 6114 5767 5098 2772 4719 
13 9979 166 211 7434 8188 2406 6094 3895 6157 8997 5728 2334 8036 
13 6780 8715 1206 9018 3949 7730 2884 8026 8743 1882 7976 9786 8744 
13 9626 9495 4207 3036 2653 5622 2969 485 816 3635 1296 8526 6869 
13 6139 9666 7102 4205 5375 4326 8687 1790 8721 7560 9162 5607 3526 
14 6783 19 5189 6069 9182 3778 5679 1302 7727 8871 3661 8931 5463 954 
14 8878 1414 2975 95 1460 645 4400 2680 1197 1924 1283 9697 441 4341 
15 677 5227 9636 7572 9171 4986 876 3867 6868 1389 7132 1572 7725 160 1972 
14 3580 567 1363 935 3420 8595 8272 524 1979 9908 1073 8165 4210 5111 
14 311 2738 6756 5212 9179 3940 2343 7715 890 912 4442 2389 124 2704 
14 2015 9402 1142 3191 4587 5584 9948 106 1787 793 6447 262 8972 44 
14 1105 3826 7372 5756 9190 552 9458 9822 1188 4086 6542 9674 4122 3626 
14 9514 1605 1524 57 607 3970 4636 6243 8051 3079 4312 333 8704 2029 
14 1138 4387 1177 5711 3807 9710 9962 7274 5323 2104 8692 6846 8946 4678 
14 6689 8158 9255 984 9118 1294 578 4989 9687 3308 153 3551 7095 226 
14 9325 1024 6410 9657 4914 2105 3669 2477 3496 8027 7462 3330 6847 3711 
14 2061 7471 7648 497 881 5837 5603 883 5608 9607 3150 5419 5339 3730 
14 7929 1593 332 4629 2077 3181 2667 7924 1417 6406 9643 1262 8927 1829 
14 7952 8104 7249 6293 2551 2613 1985 4584 8857 6619 4997 4165 471 5542 
14 1888 4428 4665 7554 2464 7816 5962 3930 9611 2645 1236 4950 2615 4425 
14 734 8699 5307 6186 1667 9742 2314 2558 6103 8661 4543 619 6154 5078 
14 4214 8435 212 656 3370 5169 9195 4244 3811 6389 5384 3568 9664 7771 
14 9216 4706 5920 1550 633 5366 8909 9077 2086 6235 9798 9877 3198 4239 
15 622 6747 3557 164 572 1676 7503 7805 3085 9231 2443 7974 2030 9932 1653 
14 2912 6457 933 3666 7732 3124 9424 230 8662 9368 9029 3234 7168 2890 
14 1735 9137 8346 9625 1693 3169 4274 3731 2057 1819 8264 3448 3158 6690 
14 4586 3104 3541 9524 7534 6871 1459 9844 5725 9155 7538 738 3684 6626 
14 61 2791 9586 7323 6480 6247 105 7817 1679 5284 6396 855 7590 6623 
14 8728 5721 2904 846 8546 9858 7466 7271 8904 5389 5956 3387 2617 391 
14 268 9503 5025 2663 9610 643 458 2948 4211 2636 9142 184 5401 3771 
14 8271 3384 9890 9002 5263 5853 1494 2107 6909 897 9694 9333 1781 2430 
14 7911 5744 9487 9743 4854 9364 5014 2875 2246 8764 7094 6318 8885 5286 
14 1794 9595 3512 6764 3232 3345 1768 4623 2557 1317 1468 8473 6637 8349 
14 8420 2963 6409 1755 8298 8761 967 8312 8746 5026 1753 3844 6687 7185 
14 1993 1251 5535 208 2927 4063 1644 715 8033 5864 2341 6733 2789 8330 
14 8509 9768 6265 9071 942 8806 4213 6156 3210 8428 9110 6486 3013 641 
14 610 1421 5285 4291 6078 1746 6593 7564 8511 7651 6617 7800 2097 7667 
14 4984 3459 9045 9314 6648 3205 1937 2264 5635 7620 7819 8729 4252 1107 
14 9698 7314 448 5620 5433 5457 9075 3421 865 3924 6820 9732 6464 1744 
14 6965 3424 3462 1601 7916 7811 1412 8820 9754 9843 6436 7385 2155 3884 
14 5881 4200 5626 2352 9429 1721 396 516 7483 8935 4567 8567 1851 4755 
14 8698 6455 1260 8795 6762 5082 2924 4871 6223 6622 2204 983 2038 3857 
14 5343 8979 718 5503 92 2706 9284 6793 9208 2844 5249 5506 5840 925 
14 8086 8203 3830 1272 3435 1181 5764 5451 5301 5154 6861 940 2752 5190 
14 3697 5746 1326 1386 6967 6597 3785 6268 8366 2923 6773 7839 1056 1089 
14 3168 8548 2132 7380 2831 2128 2045 2025 1368 5379 9269 4097 888 4961 
14 6843 6304 2537 5593 7912 5238 514 5481 215 6728 5986 9086 5203 5412 
14 7188 5466 3200 9345 3366 3904 2115 9264 412 754 4368 9862 605 2427 
14 1407 892 9640 6392 8973 8493 636 6178 8928 2438 2749 1654 9531 5275 
14 5858 8774 6058 8940 7209 7344 7037 3752 3075 4562 9428 3214 3927 5916 
15 8640 6656 5954 435 4953 5799 4371 286 7488 2040 9534 8242 6086 6079 7767 
15 4078 7810 6053 4807 8989 6009 2652 5452 5074 862 2154 4647 3700 5741 4492 
15 9913 5218 1697 4666 8772 4007 2076 8018 4800 1464 5786 2189 9181 9211 7264 
15 3629 8029 3601 2056 9511 7840 3393 7150 8339 5329 7178 1818 2545 3809 1691 
15 1178 7864 7546 9353 6398 1331 177 5310 4114 7755 6281 2719 525 9119 4374 
15 3607 6654 6206 3105 9819 5287 403 8038 3946 3372 5804 4547 6543 2454 1704 
15 7965 3257 7768 3544 2686 7665 1182 584 5610 3761 2137 9978 139 3662 5331 
15 7657 9090 9011 9705 4493 2776 1453 4278 938 4470 2400 5216 8006 2820 2579 
15 88 1512 5377 8868 6739 9897 9263 249 7872 2621 134 534 9389 2493 9069 
15 6822 7114 4661 9104 7494 7479 5008 7629 6925 2229 8344 1786 4517 2371 1732 
15 1097 1773 8902 9549 982 7364 3524 8827 1539 1461 17 2396 3336 5084 4178 
15 549 7329 5282 5712 9100 2900 5116 4433 6056 2607 6495 1116 5257 5270 3132 
15 4948 8262 4154 5816 1245 4595 5260 659 7573 9240 8400 2994 5687 3344 9756 
15 6381 6150 9813 950 2754 2304 4798 4884 1875 3592 6810 3399 5754 5633 5873 
15 5235 109 4848 8653 2600 9138 1081 8560 6674 6800 5314 6325 528 3431 9099 
15 8329 8425 3490 9769 7994 141 8990 7301 8099 880 3293 7520 5490 9034 5726 
15 606 3148 2681 3375 6076 6989 9928 7971 2769 4550 5385 1291 420 2858 7204 
15 273 7320 5996 119 1465 8642 1160 2415 7830 4221 9378 6785 8068 4438 1713 
15 6916 2942 8040 7312 1365 7245 444 9054 1051 1612 3339 5925 9755 6315 7623 
15 55 2512 9543 3972 415 348 2330 5702 1561 2804 5004 999 3376 4118 2202 
15 1776 2641 6307 8419 3038 6222 4300 9641 3750 5519 9919 8565 974 6230 4192 
15 8962 7116 1995 8133 6119 5382 674 6416 6838 5527 2945 547 9423 3059 4640 
15 372 7512 3821 7787 5069 6639 8485 2122 1891 1071 9758 7734 7995 5618 8558 
15 4150 5743 9869 2497 4659 5437 4696 9288 4802 5039 4235 3567 5645 1894 8497 
15 1005 4546 720 856 4372 494 993 8510 52 7231 695 8074 6530 1706 4671 
15 4058 6735 730 5158 9738 9972 9234 9566 4921 5041 6578 1926 8234 6935 603 
15 4346 2079 5829 6021 9065 1169 369 5619 819 5670 4290 2354 3244 2158 2953 
15 1040 2748 9286 4869 1222 1565 7457 979 2766 5909 8649 9470 1187 548 6084 
15 157 7210 5748 7690 908 2368 3532 9896 8598 5353 386 1486 9591 5987 2252 
15 3103 9985 6450 6340 3701 8030 2505 4449 4634 1411 5259 5320 1696 6351 270 
15 3457 2006 2881 98 4139 7477 2543 3905 8159 9479 4168 4963 8623 1083 8712 
15 3471 4511 8440 3325 6927 9159 425 4853 929 1946 614 6014 2010 1730 2746 
15 1353 8021 3786 3842 4318 8555 2110 7691 3173 4651 9848 3242 7591 1249 2750 
15 1269 5654 8803 5054 3721 9033 9963 9496 387 4625 581 2943 6827 6229 6586 
15 3025 9544 6202 3740 1557 292 6491 1716 5394 5133 5992 5357 8829 3670 7242 
15 1528 5818 9805 6425 6647 7856 8970 352 3782 1911 5171 7886 2027 8839 4488 
15 5161 945 1267 4410 7663 6213 2602 7501 3509 5278 6047 1964 2685 8522 3889 
15 5716 3430 4507 3119 1884 2291 4356 3843 8125 8307 3011 8107 4900 2650 3984 
15 3743 8629 8835 7686 4806 8118 6172 8585 3466 202 894 4382 4419 1174 8684 
15 1879 1090 1276 7683 9392 8695 5847 1872 586 6363 5191 8387 6990 5832 1858 
15 585 8713 3066 1430 8854 2930 6832 8610 1960 6880 2344 9212 1623 207 5399 
15 6160 4455 6420 2639 4585 7263 3623 377 1466 5556 517 8281 7752 336 1244 
15 113 6851 6125 4028 9410 1553 2640 5824 7392 8108 5420 6204 4674 7295 5884 
15 3239 2928 6255 172 6048 9842 7555 5070 5700 4539 9583 3142 7388 1385 8677 
15 6044 2106 5507 4658 2480 9684 3829 1179 7754 8627 243 8676 451 9201 6890 
15 9020 2784 5090 6575 1686 7808 6283 4857 3432 490 3201 4468 7408 7851 7681 
15 6767 2520 9874 5719 6399 5994 1098 2977 8494 9302 9148 1011 2257 5438 6693 
15 2278 1852 4502 2651 5913 7282 5803 8407 6883 2561 5785 7583 9663 4923 4399 
15 1815 6159 6338 2787 9832 4355 374 7873 7857 1907 1416 4715 2728 1919 9404 
15 4066 328 533 4940 7232 704 649 5001 3278 3328 678 1670 4333 5119 1258 
15 5902 8277 615 2570 992 6618 397 1338 2468 1590 5475 2433 1092 3956 1577 
15 4056 7677 7666 2577 6024 1745 7513 8244 5372 2309 2268 261 3926 6388 5549 
15 554 2523 1527 7668 422 9165 3901 1282 3476 1591 2532 3980 8162 2255 418 
15 3655 8892 3717 2245 7535 2126 2515 1008 1428 1688 9780 4745 7997 2625 2862 
15 6794 9691 4153 6526 6537 8597 3657 3974 1639 6203 8749 1289 7121 8461 532 
16 7956 1227 9267 1994 3616 8615 5426 691 8160 6680 6726 8153 8920 205 5363 5454 
16 4090 7088 5710 6922 6173 3117 5405 9132 5219 9724 3501 4964 6823 654 8202 706 
16 4435 8189 7792 1843 1102 9537 1256 1595 3798 8843 67 1988 6679 4082 5118 3954 
16 3156 9820 5890 975 313 9127 7558 4834 9837 8883 1420 5102 9683 1990 8365 3456 
16 2135 5027 3865 7557 2000 4749 9481 6297 2374 3498 6240 2340 5577 787 6371 5588 
16 3442 5615 4194 3083 9450 6584 6132 6582 9950 5134 9593 2478 8381 6555 7979 1360 
16 6670 3249 6669 439 4704 4485 867 244 2958 4675 4073 6891 1611 4771 2487 4865 
16 7475 7687 8370 1830 6356 5241 91 6850 5099 6253 4582 6774 985 4945 2666 9088 
16 6263 1170 8573 2305 6438 4366 3770 4270 7078 1791 4608 7798 8495 8286 2469 3048 
16 700 8290 6192 7580 5539 1369 1942 6163 9980 3271 8646 8906 5326 5930 7670 6964 
16 7861 9405 5049 1240 8035 1263 7043 821 6319 1448 8140 8270 3920 6661 3804 7625 
16 4742 7156 9627 3795 4615 7548 8737 8782 4594 9167 1876 9337 771 4974 1007 8230 
16 5717 7198 9806 3632 3270 39 1415 7143 9701 7998 4487 1832 470 1890 7304 3934 
16 7561 7398 442 2261 1835 8876 5279 2395 5211 1203 4893 8811 1566 7932 9253 1080 
16 769 739 3354 3605 6101 4643 1725 7769 7770 2179 2479 3689 8810 1131 1540 6492 
16 3817 8484 9469 6430 5678 5695 990 2525 2921 3757 1814 3832 6175 3223 3440 60 
16 8703 864 825 417 2207 3775 3839 1947 7145 9001 3948 77 1351 8417 7992 8674 
16 375 5359 2455 511 6601 8273 64 9133 1330 987 2513 6452 9943 3917 4015 7980 
16 5860 3758 4815 1508 6538 660 6716 6161 5101 4453 5640 7454 6545 8392 1574 840 
16 519 4260 481 3921 6023 2585 6279 8266 4159 9299 4106 7326 3982 6754 7233 4022 
16 4855 8055 9030 1580 7922 767 1738 5941 3874 2874 2546 276 9218 1615 3125 4277 
16 6115 5491 5214 3966 3789 1349 3122 7984 408 7222 9085 4464 53 1025 5010 2002 
16 5086 5948 6003 9735 761 9276 8324 137 4824 7262 2978 6948 7032 2267 9399 2658 
16 3855 1630 150 9654 2323 772 2556 2407 2048 2931 1308 201 9597 9323 6295 5144 
16 24 1651 4630 7934 922 9923 4792 9912 8659 7987 5532 9113 450 3801 784 9417 
16 117 3138 3068 2036 6402 6809 7456 7176 5959 235 6488 2087 7377 3943 3497 1076 
16 920 9685 128 4558 4035 921 6657 1297 285 8963 8067 964 9958 6691 750 4908 
16 583 7129 2539 9557 1496 1232 461 3621 1393 4343 2535 809 28 609 9791 6022 
16 2316 400 3129 6710 7692 5766 159 6476 4249 6181 3714 1058 8680 2895 7089 6487 
16 7119 6493 5636 4250 3879 2954 97 3228 4074 3610 2452 7106 7584 6145 4116 971 
16 9283 7846 8448 3840 2178 9889 7778 4773 544 2841 6926 1125 9318 1925 5707 8818 
16 445 5393 9078 7193 3112 9546 1480 6910 1541 3127 5139 2721 185 5936 6500 6278 
16 8179 9996 3017 8219 986 7135 6659 5021 7167 7796 1029 7497 3452 8966 5414 9794 
16 3555 6877 8588 3445 6969 4099 8263 5123 5708 7006 6234 5943 7419 9398 5266 8925 
16 6456 1689 2780 9254 1046 2160 3952 9228 7680 3963 2506 9727 2522 9895 653 573 
16 2576 9246 248 6742 9497 9262 6946 4046 1504 8550 2526 4845 1229 9966 9032 7038 
16 6228 6110 5554 2167 832 7387 843 6367 4784 8760 8516 9083 7124 752 9726 4922 
16 3564 6924 7430 4029 475 6062 2386 6882 7793 5094 3182 356 42 9437 3642 7157 
16 6649 1530 7196 1201 8530 7933 3261 5792 7726 6866 1130 7853 5568 743 7828 6330 
16 4687 5112 9631 7884 66 6896 353 5221 3673 8807 5999 1519 7354 4513 631 6976 
16 9291 2143 1655 8681 100 5866 1660 2760 9584 7865 37 7018 5217 3001 3911 5775 
16 2828 2422 199 4245 4990 3451 7066 7829 3007 4012 5529 3674 5796 1329 9413 3350 
16 6269 6004 6012 6703 8353 9070 6331 8316 808 2063 3241 1026 1906 3383 1157 144 
16 4873 3976 7465 830 4017 7595 4888 5356 4406 8793 3300 7313 7400 4448 6624 1288 
16 8564 2293 4080 4376 9202 9394 4879 4117 1198 6064 7062 5000 5195 5215 6010 6419 
16 2324 6875 9702 5779 3802 3439 9101 4397 5534 4899 7046 6130 2965 5505 8084 6768 
17 568 4475 4255 1986 1863 4880 7010 886 716 5878 8383 7529 539 6528 3318 54 2318 
17 3869 7293 4635 8285 5783 1733 3530 1523 3691 7407 3474 9366 1933 4684 5109 571 1708 
17 7928 6189 3572 9815 3220 9273 81 5031 6106 7542 4486 4809 9091 5789 3023 6766 8594 
17 2571 3294 3024 8823 9712 6814 8652 1521 2121 1709 8916 6712 8961 8969 6224 5677 3733 
17 9847 658 1869 6220 6729 9209 560 3648 2898 2248 6953 6682 7646 3074 8592 5828 3286 
17 6002 8783 2147 9485 4938 6643 7762 8542 1429 8148 3121 4033 8524 1749 6988 4142 7281 
17 2465 7612 9274 1111 8128 3636 3482 4819 8987 1603 4533 4881 7328 7973 7517 6233 5030 
17 5192 9649 9316 2382 7442 4913 2187 3646 1299 1692 2882 1075 5739 9957 5595 7519 4393 
17 1305 1323 7406 1949 6985 6026 3685 6197 5076 9420 3428 6083 7582 6055 2894 1760 3941 
17 5018 6404 209 4404 9751 529 4256 9612 2796 7866 8136 1850 5258 9961 858 165 1207 
17 9305 3276 3368 210 2250 3190 3418 9082 3211 2901 6353 4190 5349 5128 8305 446 8269 
17 2735 7287 7631 3739 8042 2919 6672 4699 5567 8446 5801 8621 8476 1618 5392 1347 7348 
17 5445 726 530 7737 7628 5124 1436 949 7724 9298 4330 9163 6604 213 1155 1333 8611 
17 768 817 2118 6645 4481 4786 8300 5632 6179 2037 7547 4632 3628 7721 2226 8633 5037 
17 2917 4583 1959 4405 2937 85 4384 5835 9268 319 4055 7944 2995 2868 132 1091 9443 
17 3307 5213 493 9613 9116 1324 3326 8984 9632 2846 4358 5651 5482 8478 5022 1659 479 
17 961 4414 3403 3566 1647 2857 3793 8645 1531 7949 5411 4851 6778 6790 7930 2342 5788 
17 3149 6884 4673 7567 3433 2482 2362 711 6865 6378 5268 4351 1567 4754 1400 1156 3698 
17 7141 8376 168 7174 1910 1509 7761 4924 8562 8293 3137 2186 7345 9059 393 8802 3950 
17 2008 315 6327 6141 671 646 8667 7197 9882 8926 3847 5097 3352 9653 4240 5918 3033 
17 6424 2838 1186 1723 657 2434 4045 8214 6905 275 5694 7743 5722 6860 1238 7241 4841 
17 8559 842 3050 3885 9538 5409 1700 5514 1392 4085 6292 3962 4621 2555 5570 504 9525 
17 8102 3196 7574 5668 225 7041 2377 7515 7080 2281 2042 3404 9480 7076 2739 6611 5842 
17 9411 1635 47 6903 1215 9475 4130 5009 2397 5188 7389 6743 7130 449 8845 8340 1694 
17 6361 7117 7255 1729 5453 4958 6902 8505 2568 3269 11 6459 8317 5980 8322 5784 9637 
17 9187 6786 5757 2181 5601 6698 6587 6579 4496 1598 3163 4454 3379 735 110 3504 1680 
17 696 2335 3411 3583 2696 2360 254 3754 8691 1012 692 8958 6697 331 3769 8405 9178 
17 8630 9306 9926 1491 5751 5838 175 9478 9859 6963 2713 2633 4919 2911 9204 8561 4577 
18 1992 6662 5517 4246 4141 2171 2665 9027 1896 7414 3967 4440 6171 7265 9170 3485 3558 4095 
18 9393 6529 8447 7602 6966 8367 2661 8800 6426 2206 7205 8872 909 5396 4102 6759 1526 9206 
18 4377 7711 2230 8991 4957 5724 2173 1110 8798 9143 2808 5061 3078 4681 1621 1274 1153 1120 
18 4309 8458 6804 1252 2635 2217 9035 4327 3986 857 3547 5911 8325 8060 2733 3563 7029 4600 
18 672 3546 6296 419 4297 9068 1441 1862 6333 365 2938 3213 8725 7505 6117 2553 2475 3324 
18 6706 7020 4867 4225 8831 6216 826 8694 934 6566 3135 9571 6945 6588 6568 1205 7358 452 
18 2883 1438 608 4705 7685 7019 6422 8506 272 3231 4038 9490 8513 3960 344 625 2347 5493 
18 6807 7889 8832 9757 9341 9134 8804 1864 7764 6751 1255 5005 1714 6854 7571 6214 2638 7487 
18 8477 9347 9282 8637 146 380 6956 4227 8644 8401 5569 1861 3145 968 5355 3301 5745 5449 
18 297 2357 6536 8747 8368 5952 930 5160 5879 3450 9734 6824 515 5681 4176 1648 4737 7688 
18 29 627 5017 5477 1106 4713 9272 2164 1934 7689 5104 806 5805 3878 9883 3427 1404 4129 
18 1866 8848 6360 4020 8937 6280 1109 2260 193 4209 4394 6581 7016 3195 8354 7244 4215 747 
18 7229 1984 8382 483 7759 4034 74 2885 1431 4263 4590 414 1782 1183 570 781 6354 4193 
18 6694 5500 8338 9164 8236 2578 7988 7940 4892 2051 5180 7939 1719 2871 2127 5774 9126 2223 
19 5868 8587 4233 2112 1634 751 8938 7169 4714 4472 8289 8544 4912 5421 7786 4222 6837 1661 8235 
19 2920 8489 3989 2399 7190 8167 1250 9151 2174 7894 5163 9983 714 2364 6525 291 1764 6723 4545 
19 3371 7553 5771 8766 753 4021 7941 4147 9482 6345 6806 518 453 1743 1606 6126 2701 9365 4931 
19 6695 9052 7975 9680 2952 6570 6805 8869 833 4787 9229 8475 4535 5747 4765 5893 9115 8777 1374 
19 2869 5237 6765 5602 5656 1355 5400 8062 1104 3765 612 2205 3473 6590 6027 4946 75 7126 3063 
19 2986 7104 9144 6842 8955 4171 629 2809 6757 4293 9881 6722 3323 7340 5589 4216 6878 7589 1881 
20 4637 2538 1955 6856 2060 8176 6784 8486 5709 3862 1264 2694 151 4407 3979 9293 2974 192 9308 5961 
20 8840 2026 4720 3938 9037 617 1511 2867 7794 3799 4014 8705 7507 6798 5019 3577 2149 2022 5531 1425 
20 3410 8978 2973 8093 3993 3958 5576 2453 4347 8952 4566 8688 924 5016 2950 8689 2003 1036 651 7756 
